2019-07-03 17:47:41,221 | INFO | completed experiments so far: []
2019-07-03 17:47:42,591 | INFO | curr change: [['inner_punish_threshold', 0.1], ['outer_punish_threshold', 0.1]]
2019-07-03 17:47:46,084 | INFO | starting experiment inner0.1_outer0.1
2019-07-03 17:48:07,359 | INFO | python hiob_cli.py -e config/environment_candidates_nachtrag.yaml -t config/tracker_cand_io1.yaml -g 0
2019-07-03 17:48:11,197 | INFO | test, not calling hiob_cli
2019-07-03 17:48:18,294 | INFO | completed experiments so far: []
2019-07-03 17:48:18,835 | INFO | curr change: [['inner_punish_threshold', 0.1], ['outer_punish_threshold', 0.2]]
2019-07-03 17:48:26,068 | INFO | starting experiment inner0.1_outer0.2
2019-07-03 17:48:26,068 | INFO | python hiob_cli.py -e config/environment_candidates_nachtrag.yaml -t config/tracker_cand_io1.yaml -g 0
2019-07-03 17:48:26,068 | INFO | test, not calling hiob_cli
2019-07-03 17:48:27,692 | INFO | completed experiments so far: []
2019-07-03 17:48:27,692 | INFO | curr change: [['inner_punish_threshold', 0.1], ['outer_punish_threshold', 0.3]]
2019-07-03 17:48:27,692 | INFO | starting experiment inner0.1_outer0.3
2019-07-03 17:48:27,692 | INFO | python hiob_cli.py -e config/environment_candidates_nachtrag.yaml -t config/tracker_cand_io1.yaml -g 0
2019-07-03 17:48:27,692 | INFO | test, not calling hiob_cli
2019-07-03 17:48:28,824 | INFO | completed experiments so far: []
2019-07-03 17:48:28,825 | INFO | curr change: [['inner_punish_threshold', 0.1], ['outer_punish_threshold', 0.4]]
2019-07-03 17:48:28,826 | INFO | starting experiment inner0.1_outer0.4
2019-07-03 17:48:28,826 | INFO | python hiob_cli.py -e config/environment_candidates_nachtrag.yaml -t config/tracker_cand_io1.yaml -g 0
2019-07-03 17:48:28,826 | INFO | test, not calling hiob_cli
2019-07-03 17:48:46,405 | INFO | completed experiments so far: []
2019-07-03 17:48:46,405 | INFO | curr change: [['inner_punish_threshold', 0.1], ['outer_punish_threshold', 0.5]]
2019-07-03 17:48:46,405 | INFO | starting experiment inner0.1_outer0.5
2019-07-03 17:48:46,405 | INFO | python hiob_cli.py -e config/environment_candidates_nachtrag.yaml -t config/tracker_cand_io1.yaml -g 0
2019-07-03 17:48:46,405 | INFO | test, not calling hiob_cli
2019-07-03 17:51:10,624 | INFO | completed experiments so far: []
2019-07-03 17:51:10,625 | INFO | curr change: [['inner_punish_threshold', 0.1], ['outer_punish_threshold', 0.6]]
2019-07-03 17:51:10,625 | INFO | starting experiment inner0.1_outer0.6
2019-07-03 17:51:10,625 | INFO | python hiob_cli.py -e config/environment_candidates_nachtrag.yaml -t config/tracker_cand_io1.yaml -g 0
2019-07-03 17:51:10,625 | INFO | test, not calling hiob_cli
2019-07-03 17:51:43,418 | INFO | completed experiments so far: []
2019-07-03 17:51:43,911 | INFO | curr change: [['inner_punish_threshold', 0.1], ['outer_punish_threshold', 0.1]]
2019-07-03 17:51:44,861 | INFO | starting experiment inner0.1_outer0.1
2019-07-03 17:51:45,750 | INFO | python hiob_cli.py -e config/environment_candidates_nachtrag.yaml -t config/tracker_cand_io1.yaml -g 0
2019-07-03 17:52:11,454 | INFO | completed experiments so far: []
2019-07-03 17:52:12,103 | INFO | curr change: [['inner_punish_threshold', 0.1], ['outer_punish_threshold', 0.1]]
2019-07-03 17:52:13,434 | INFO | starting experiment inner0.1_outer0.1
2019-07-03 17:52:14,878 | INFO | python hiob_cli.py -e config/environment_candidates_nachtrag.yaml -t config/tracker_cand_io1.yaml -g 0
2019-07-03 17:52:24,006 | ERROR | EXPERIMENT inner0.1_outer0.1 FAILED!
2019-07-03 17:52:25,423 | ERROR | Log:
2019-07-03 17:54:27,061 | INFO | completed experiments so far: []
2019-07-03 17:54:27,490 | INFO | curr change: [['inner_punish_threshold', 0.1], ['outer_punish_threshold', 0.1]]
2019-07-03 17:54:28,380 | INFO | starting experiment inner0.1_outer0.1
2019-07-03 17:54:30,098 | INFO | python ../hiob_cli.py -e config/environment_candidates_nachtrag.yaml -t config/tracker_cand_io1.yaml -g 0
2019-07-03 17:54:37,801 | ERROR | EXPERIMENT inner0.1_outer0.1 FAILED!
2019-07-03 17:54:38,339 | ERROR | Log:
2019-07-03 17:54:39,060 | ERROR | WARNING: Logging before flag parsing goes to stderr.
I0703 17:54:34.293361 140734971569600 hiob_cli.py:60] Parsing command line arguments
I0703 17:54:34.293958 140734971569600 hiob_cli.py:28] Creating configurator object
I0703 17:54:34.294055 140734971569600 Configurator.py:17] Building Configurator
I0703 17:54:34.294117 140734971569600 Configurator.py:18] ros config is:
I0703 17:54:34.294169 140734971569600 Configurator.py:19] None
I0703 17:54:34.294229 140734971569600 Configurator.py:43] Loading environment file from 'config/environment_candidates_nachtrag.yaml'
E0703 17:54:34.294746 140734971569600 Configurator.py:48] Could not open environment configuration file: config/environment_candidates_nachtrag.yaml - [Errno 2] No such file or directory: 'config/environment_candidates_nachtrag.yaml'
Could not open environment configuration file: config/environment_candidates_nachtrag.yaml - [Errno 2] No such file or directory: 'config/environment_candidates_nachtrag.yaml'

2019-07-03 17:55:17,762 | INFO | completed experiments so far: []
2019-07-03 17:55:17,764 | INFO | curr change: [['inner_punish_threshold', 0.1], ['outer_punish_threshold', 0.1]]
2019-07-03 17:55:17,765 | INFO | starting experiment inner0.1_outer0.1
2019-07-03 17:55:17,766 | INFO | python ../hiob_cli.py -e ../config/environment_candidates_nachtrag.yaml -t ../config/tracker_cand_io1.yaml -g 0
2019-07-03 17:55:26,980 | ERROR | EXPERIMENT inner0.1_outer0.1 FAILED!
2019-07-03 17:55:26,986 | ERROR | Log:
2019-07-03 17:55:26,992 | ERROR | WARNING: Logging before flag parsing goes to stderr.
I0703 17:55:22.709221 140734741026240 hiob_cli.py:60] Parsing command line arguments
I0703 17:55:22.709731 140734741026240 hiob_cli.py:28] Creating configurator object
I0703 17:55:22.709822 140734741026240 Configurator.py:17] Building Configurator
I0703 17:55:22.709882 140734741026240 Configurator.py:18] ros config is:
I0703 17:55:22.709933 140734741026240 Configurator.py:19] None
I0703 17:55:22.709995 140734741026240 Configurator.py:43] Loading environment file from '../config/environment_candidates_nachtrag.yaml'
I0703 17:55:22.712529 140734741026240 Configurator.py:52] Loading tracker file from '../config/tracker_cand_io1.yaml'
I0703 17:55:22.751374 140734741026240 hiob_cli.py:39] Creating tracker object
W0703 17:55:22.751494 140734741026240 Tracker.py:47] CREATING NEW TRACKER
I0703 17:55:22.751559 140734741026240 Tracker.py:60] Master Random Seed is 1338 = 0x1338
W0703 17:55:22.751738 140734741026240 deprecation_wrapper.py:119] From /Users/finn/Desktop/WTM/hiob_git/core/Tracker.py:67: The name tf.set_random_seed is deprecated. Please use tf.compat.v1.set_random_seed instead.

I0703 17:55:22.826816 140734741026240 Tracker.py:99] test
Traceback (most recent call last):
  File "../hiob_cli.py", line 87, in <module>
    main()
  File "../hiob_cli.py", line 74, in main
    silent=args.silent)
  File "../hiob_cli.py", line 40, in track
    tracker = Tracker(conf)
  File "/Users/finn/Desktop/WTM/hiob_git/core/Tracker.py", line 106, in __init__
    self.configuration['tracking'], self.configuration['tracking_conf'])
  File "/Users/finn/Desktop/WTM/hiob_git/core/sample_provider/DataDirectory.py", line 88, in evaluate_sample_list
    samples.append(self.get_sample(set_name, sample_name, tracking_conf))
  File "/Users/finn/Desktop/WTM/hiob_git/core/sample_provider/DataDirectory.py", line 56, in get_sample
    ds = self.get_data_set(set_name, tracking_config)
  File "/Users/finn/Desktop/WTM/hiob_git/core/sample_provider/DataDirectory.py", line 47, in get_data_set
    self._load_data_set(name, tracking_config)
  File "/Users/finn/Desktop/WTM/hiob_git/core/sample_provider/DataDirectory.py", line 32, in _load_data_set
    with open(set_file, "r") as f:
FileNotFoundError: [Errno 2] No such file or directory: 'config/data_sets/tb100.yaml'

2019-07-03 17:55:29,359 | INFO | completed experiments so far: []
2019-07-03 17:55:29,360 | INFO | curr change: [['inner_punish_threshold', 0.1], ['outer_punish_threshold', 0.2]]
2019-07-03 17:55:29,361 | INFO | starting experiment inner0.1_outer0.2
2019-07-03 17:55:29,362 | INFO | python ../hiob_cli.py -e ../config/environment_candidates_nachtrag.yaml -t ../config/tracker_cand_io1.yaml -g 0
